<?xml version="1.0" encoding="UTF-8"?>
<!-- Generated by org.testng.reporters.JUnitReportReporter -->
<testsuite hostname="LAPTOP-HOR4TBGU" failures="0" tests="2" name="TestNG.Batchtesting" time="0.008" errors="0" timestamp="2021-02-10T17:20:23 IST" skipped="0">
  <testcase classname="TestNG.Batchtesting" name="logoutTest" time="0.002"/>
  <testcase classname="TestNG.Batchtesting" name="loginTest" time="0.006"/>
</testsuite> <!-- TestNG.Batchtesting -->
