<?xml version="1.0" encoding="UTF-8"?>
<!-- Generated by org.testng.reporters.JUnitReportReporter -->
<testsuite hostname="LAPTOP-HOR4TBGU" failures="0" tests="3" name="TestNG.LoginTest" time="0.006" errors="0" timestamp="2021-02-26T00:28:27 IST" skipped="0">
  <testcase classname="TestNG.LoginTest" name="loginbyemail" time="0.001"/>
  <testcase classname="TestNG.LoginTest" name="loginbyfacebook" time="0.002"/>
  <testcase classname="TestNG.LoginTest" name="loginbytwitter" time="0.003"/>
</testsuite> <!-- TestNG.LoginTest -->
