<?xml version="1.0" encoding="UTF-8"?>
<!-- Generated by org.testng.reporters.JUnitReportReporter -->
<testsuite hostname="LAPTOP-HOR4TBGU" failures="0" tests="3" name="TestNG.SignupTest" time="0.003" errors="0" timestamp="2021-02-26T00:28:27 IST" skipped="0">
  <testcase classname="TestNG.SignupTest" name="signupbyemail" time="0.001"/>
  <testcase classname="TestNG.SignupTest" name="signupbytwitter" time="0.001"/>
  <testcase classname="TestNG.SignupTest" name="signupbyfacebook" time="0.001"/>
</testsuite> <!-- TestNG.SignupTest -->
