<?xml version="1.0" encoding="UTF-8"?>
<!-- Generated by org.testng.reporters.JUnitReportReporter -->
<testsuite hostname="LAPTOP-HOR4TBGU" failures="0" tests="1" name="PageobjectModel.RegistrationTest" time="20.403" errors="0" timestamp="2021-02-13T18:46:11 IST" skipped="0">
  <testcase classname="PageobjectModel.RegistrationTest" name="Verifyreg" time="20.403"/>
</testsuite> <!-- PageobjectModel.RegistrationTest -->
