<?xml version="1.0" encoding="UTF-8"?>
<!-- Generated by org.testng.reporters.JUnitReportReporter -->
<testsuite hostname="LAPTOP-HOR4TBGU" failures="0" tests="1" name="TestNG.DemoTest" time="10.594" errors="0" timestamp="2021-02-10T17:20:23 IST" skipped="0">
  <testcase classname="TestNG.DemoTest" name="loginTest" time="10.594"/>
</testsuite> <!-- TestNG.DemoTest -->
