<?xml version="1.0" encoding="UTF-8"?>
<!-- Generated by org.testng.reporters.JUnitReportReporter -->
<testsuite hostname="LAPTOP-HOR4TBGU" failures="0" tests="2" name="TestNG.PaymentTest" time="0.013" errors="0" timestamp="2021-02-26T00:28:27 IST" skipped="0">
  <testcase classname="TestNG.PaymentTest" name="paymentbyrupees" time="0.001"/>
  <testcase classname="TestNG.PaymentTest" name="paymentbydollar" time="0.012"/>
</testsuite> <!-- TestNG.PaymentTest -->
